\BOOKMARK [1][-]{section.1}{\376\377\236\321\166\322\155\113\213\325\213\241\122\022}{}% 1
\BOOKMARK [2][-]{subsection.1.1}{\376\377\236\321\166\322\155\113\213\325\166\356\150\007}{section.1}% 2
\BOOKMARK [2][-]{subsection.1.2}{\376\377\236\321\166\322\155\113\213\325\203\003\126\364\116\016\221\315\160\271}{section.1}% 3
\BOOKMARK [2][-]{subsection.1.3}{\376\377\236\321\166\322\155\113\213\325\145\271\154\325}{section.1}% 4
\BOOKMARK [3][-]{subsubsection.1.3.1}{\376\377\173\111\116\367\174\173\122\022\122\006}{subsection.1.3}% 5
\BOOKMARK [3][-]{subsubsection.1.3.2}{\376\377\217\271\165\114\120\074\122\006\147\220}{subsection.1.3}% 6
\BOOKMARK [3][-]{subsubsection.1.3.3}{\376\377\121\263\173\126\210\150\154\325}{subsection.1.3}% 7
\BOOKMARK [3][-]{subsubsection.1.3.4}{\376\377\127\072\146\157\154\325}{subsection.1.3}% 8
\BOOKMARK [2][-]{subsection.1.4}{\376\377\236\321\166\322\155\113\213\325\163\257\130\203\060\001\135\345\121\167\116\016\145\160\143\156}{section.1}% 9
\BOOKMARK [3][-]{subsubsection.1.4.1}{\376\377\155\113\213\325\163\257\130\203}{subsection.1.4}% 10
\BOOKMARK [3][-]{subsubsection.1.4.2}{\376\377\155\113\213\325\135\345\121\167}{subsection.1.4}% 11
\BOOKMARK [3][-]{subsubsection.1.4.3}{\376\377\155\113\213\325\145\160\143\156}{subsection.1.4}% 12
\BOOKMARK [2][-]{subsection.1.5}{\376\377\236\321\166\322\155\113\213\325\142\147\210\114\133\211\143\222}{section.1}% 13
\BOOKMARK [1][-]{section.2}{\376\377\166\175\166\322\155\113\213\325\213\241\122\022}{}% 14
\BOOKMARK [2][-]{subsection.2.1}{\376\377\166\175\166\322\155\113\213\325\166\356\150\007}{section.2}% 15
\BOOKMARK [2][-]{subsection.2.2}{\376\377\166\175\166\322\155\113\213\325\203\003\126\364\116\016\210\253\155\113\116\343\170\001\152\041\127\127}{section.2}% 16
\BOOKMARK [2][-]{subsection.2.3}{\376\377\166\175\166\322\155\113\213\325\145\271\154\325}{section.2}% 17
\BOOKMARK [3][-]{subsubsection.2.3.1}{\376\377\116\343\170\001\211\206\166\326\122\006\147\220}{subsection.2.3}% 18
\BOOKMARK [3][-]{subsubsection.2.3.2}{\376\377\127\372\147\054\215\357\137\204\211\206\166\326}{subsection.2.3}% 19
\BOOKMARK [3][-]{subsubsection.2.3.3}{\376\377\145\160\143\156\155\101\122\006\147\220}{subsection.2.3}% 20
\BOOKMARK [2][-]{subsection.2.4}{\376\377\166\175\166\322\155\113\213\325\135\345\121\167\116\016\145\160\143\156}{section.2}% 21
\BOOKMARK [3][-]{subsubsection.2.4.1}{\376\377\155\113\213\325\163\257\130\203}{subsection.2.4}% 22
\BOOKMARK [3][-]{subsubsection.2.4.2}{\376\377\155\113\213\325\135\345\121\167}{subsection.2.4}% 23
\BOOKMARK [3][-]{subsubsection.2.4.3}{\376\377\155\113\213\325\145\160\143\156}{subsection.2.4}% 24
\BOOKMARK [2][-]{subsection.2.5}{\376\377\166\175\166\322\155\113\213\325\142\147\210\114\133\211\143\222}{section.2}% 25
\BOOKMARK [2][-]{subsection.2.6}{\376\377\166\175\166\322\155\113\213\325\230\316\226\151\116\016\213\364\146\016}{section.2}% 26
