\BOOKMARK [1][-]{section.1}{\376\377\236\321\166\322\155\113\213\325\142\245\124\112}{}% 1
\BOOKMARK [2][-]{subsection.1.1}{\376\377\155\113\213\325\151\202\217\360}{section.1}% 2
\BOOKMARK [2][-]{subsection.1.2}{\376\377\155\113\213\325\163\257\130\203\116\016\135\345\121\167}{section.1}% 3
\BOOKMARK [3][-]{subsubsection.1.2.1}{\376\377\155\113\213\325\163\257\130\203}{subsection.1.2}% 4
\BOOKMARK [3][-]{subsubsection.1.2.2}{\376\377\155\113\213\325\135\345\121\167}{subsection.1.2}% 5
\BOOKMARK [2][-]{subsection.1.3}{\376\377\155\113\213\325\142\147\210\114\176\323\147\234}{section.1}% 6
\BOOKMARK [3][-]{subsubsection.1.3.1}{\376\377\201\352\122\250\123\026\155\113\213\325\176\323\147\234}{subsection.1.3}% 7
\BOOKMARK [3][-]{subsubsection.1.3.2}{\376\377\116\272\135\345\155\113\213\325\176\323\147\234}{subsection.1.3}% 8
\BOOKMARK [3][-]{subsubsection.1.3.3}{\376\377\176\374\124\010\176\337\213\241}{subsection.1.3}% 9
\BOOKMARK [2][-]{subsection.1.4}{\376\377\177\072\226\167\116\016\225\356\230\230\122\006\147\220}{section.1}% 10
\BOOKMARK [2][-]{subsection.1.5}{\376\377\155\113\213\325\176\323\213\272}{section.1}% 11
\BOOKMARK [1][-]{section.2}{\376\377\166\175\166\322\155\113\213\325\142\245\124\112}{}% 12
\BOOKMARK [2][-]{subsection.2.1}{\376\377\155\113\213\325\151\202\217\360}{section.2}% 13
\BOOKMARK [2][-]{subsection.2.2}{\376\377\155\113\213\325\163\257\130\203\116\016\135\345\121\167}{section.2}% 14
\BOOKMARK [3][-]{subsubsection.2.2.1}{\376\377\155\113\213\325\163\257\130\203}{subsection.2.2}% 15
\BOOKMARK [3][-]{subsubsection.2.2.2}{\376\377\155\113\213\325\135\345\121\167}{subsection.2.2}% 16
\BOOKMARK [2][-]{subsection.2.3}{\376\377\155\113\213\325\133\371\214\141\213\364\146\016}{section.2}% 17
\BOOKMARK [2][-]{subsection.2.4}{\376\377\155\113\213\325\145\271\154\325\213\364\146\016}{section.2}% 18
\BOOKMARK [3][-]{subsubsection.2.4.1}{\376\377\116\343\170\001\211\206\166\326\122\006\147\220\162\171\160\271}{subsection.2.4}% 19
\BOOKMARK [3][-]{subsubsection.2.4.2}{\376\377\127\372\147\054\215\357\137\204\211\206\166\326\162\171\160\271}{subsection.2.4}% 20
\BOOKMARK [3][-]{subsubsection.2.4.3}{\376\377\145\160\143\156\155\101\122\006\147\220\162\171\160\271}{subsection.2.4}% 21
\BOOKMARK [2][-]{subsection.2.5}{\376\377\155\113\213\325\142\147\210\114\176\323\147\234}{section.2}% 22
\BOOKMARK [3][-]{subsubsection.2.5.1}{\376\377\142\147\210\114\124\175\116\344\116\016\220\032\217\307\140\305\121\265}{subsection.2.5}% 23
\BOOKMARK [3][-]{subsubsection.2.5.2}{\376\377\211\206\166\326\163\207\176\323\147\234\377\010\147\054\153\041\142\147\210\114\377\011}{subsection.2.5}% 24
\BOOKMARK [2][-]{subsection.2.6}{\376\377\147\052\211\206\166\326\116\343\170\001\122\006\147\220}{section.2}% 25
\BOOKMARK [2][-]{subsection.2.7}{\376\377\177\072\226\167\116\016\225\356\230\230\122\006\147\220}{section.2}% 26
\BOOKMARK [3][-]{subsubsection.2.7.1}{\376\377\174\373\176\337\121\101\213\270\116\012\117\040\172\172\230\230\166\356\226\306}{subsection.2.7}% 27
\BOOKMARK [3][-]{subsubsection.2.7.2}{\376\377\174\373\176\337\121\101\213\270\133\371\116\015\133\130\127\050\166\204\136\026\133\120\123\321\210\150\213\304\213\272}{subsection.2.7}% 28
\BOOKMARK [3][-]{subsubsection.2.7.3}{\376\377\174\373\176\337\121\101\213\270\126\336\131\015\116\015\133\130\127\050\166\204\162\066\213\304\213\272}{subsection.2.7}% 29
\BOOKMARK [2][-]{subsection.2.8}{\376\377\155\113\213\325\176\323\147\234\116\016\122\006\147\220}{section.2}% 30
